<?xml version="1.0" encoding="UTF-8"?>
<!-- Generated by org.testng.reporters.JUnitXMLReporter -->
<testsuite hostname="HIBAIL56180" ignored="1" name="GroupsAndMultipleGroups" tests="19" failures="2" timestamp="28 Dec 2019 17:53:50 GMT" time="4.241" errors="0">
  <testcase name="test1" time="0.022" classname="org.TestngAttributes"/>
  <testcase name="test2" time="0.009" classname="org.TestngAttributes"/>
  <testcase name="test3" time="0.003" classname="org.TestngAttributes"/>
  <testcase name="test4" time="0.003" classname="org.TestngAttributes"/>
  <testcase name="test5" time="0.002" classname="org.TestngAttributes"/>
  <testcase name="test5" time="0.002" classname="org.TestngAttributes"/>
  <testcase name="test6" time="2.026" classname="org.TestngAttributes">
    <failure type="java.lang.ArrayIndexOutOfBoundsException" message="0">
      <![CDATA[java.lang.ArrayIndexOutOfBoundsException: 0
... Removed 22 stack frames]]>
    </failure>
  </testcase> <!-- test6 -->
  <testcase name="test7" time="0.016" classname="org.TestngAttributes"/>
  <testcase name="test8" time="2.02" classname="org.TestngAttributes">
    <failure type="java.lang.ArrayIndexOutOfBoundsException" message="0">
      <![CDATA[java.lang.ArrayIndexOutOfBoundsException: 0
... Removed 22 stack frames]]>
    </failure>
  </testcase> <!-- test8 -->
  <testcase name="test9" time="0.0" classname="org.TestngAttributes"/>
  <testcase name="test9" time="0.011" classname="org.TestngAttributes"/>
  <testcase name="test9" time="0.012" classname="org.TestngAttributes"/>
  <testcase name="test9" time="0.012" classname="org.TestngAttributes"/>
  <testcase name="test9" time="0.012" classname="org.TestngAttributes"/>
  <testcase name="test9" time="0.0" classname="org.TestngAttributes"/>
  <testcase name="test9" time="0.0" classname="org.TestngAttributes"/>
  <testcase name="test9" time="0.0" classname="org.TestngAttributes"/>
  <testcase name="test9" time="0.0" classname="org.TestngAttributes"/>
  <testcase name="test9" time="0.016" classname="org.TestngAttributes"/>
  <testcase name="test41" time="0.0" classname="org.TestngAttributes">
    <ignored/>
  </testcase> <!-- test41 -->
</testsuite> <!-- GroupsAndMultipleGroups -->
