<?xml version="1.0" encoding="UTF-8"?>
<!-- Generated by org.testng.reporters.JUnitXMLReporter -->
<testsuite hostname="HIBAIL56180" ignored="1" name="Test" tests="19" failures="2" timestamp="31 Dec 2019 08:15:02 GMT" time="4.324" errors="0">
  <testcase name="test1" time="0.024" classname="org.TestngAttributes"/>
  <testcase name="test2" time="0.003" classname="org.TestngAttributes"/>
  <testcase name="test3" time="0.007" classname="org.TestngAttributes"/>
  <testcase name="test4" time="0.003" classname="org.TestngAttributes"/>
  <testcase name="test5" time="0.002" classname="org.TestngAttributes"/>
  <testcase name="test5" time="0.002" classname="org.TestngAttributes"/>
  <testcase name="test6" time="2.098" classname="org.TestngAttributes">
    <failure type="java.lang.ArrayIndexOutOfBoundsException" message="0">
      <![CDATA[java.lang.ArrayIndexOutOfBoundsException: 0
... Removed 22 stack frames]]>
    </failure>
  </testcase> <!-- test6 -->
  <testcase name="test7" time="0.002" classname="org.TestngAttributes"/>
  <testcase name="test8" time="2.003" classname="org.TestngAttributes">
    <failure type="java.lang.ArrayIndexOutOfBoundsException" message="0">
      <![CDATA[java.lang.ArrayIndexOutOfBoundsException: 0
... Removed 22 stack frames]]>
    </failure>
  </testcase> <!-- test8 -->
  <testcase name="test9" time="0.006" classname="org.TestngAttributes"/>
  <testcase name="test9" time="0.003" classname="org.TestngAttributes"/>
  <testcase name="test9" time="0.009" classname="org.TestngAttributes"/>
  <testcase name="test9" time="0.008" classname="org.TestngAttributes"/>
  <testcase name="test9" time="0.012" classname="org.TestngAttributes"/>
  <testcase name="test9" time="0.004" classname="org.TestngAttributes"/>
  <testcase name="test9" time="0.011" classname="org.TestngAttributes"/>
  <testcase name="test9" time="0.017" classname="org.TestngAttributes"/>
  <testcase name="test9" time="0.01" classname="org.TestngAttributes"/>
  <testcase name="test9" time="0.013" classname="org.TestngAttributes"/>
  <testcase name="test41" time="0.0" classname="org.TestngAttributes">
    <ignored/>
  </testcase> <!-- test41 -->
</testsuite> <!-- Test -->
